  [1m[35m (192.7ms)[0m  [1m[35mCREATE DATABASE "redditclone_development" ENCODING = 'unicode'[0m
  ↳ bin/rails:9
  [1m[35m (87.5ms)[0m  [1m[35mCREATE DATABASE "redditclone_test" ENCODING = 'unicode'[0m
  ↳ bin/rails:9
  [1m[35m (31.0ms)[0m  [1m[35mCREATE TABLE "schema_migrations" ("version" character varying NOT NULL PRIMARY KEY)[0m
  ↳ bin/rails:9
  [1m[35m (6.0ms)[0m  [1m[35mCREATE TABLE "ar_internal_metadata" ("key" character varying NOT NULL PRIMARY KEY, "value" character varying, "created_at" timestamp NOT NULL, "updated_at" timestamp NOT NULL)[0m
  ↳ bin/rails:9
  [1m[35m (1.1ms)[0m  [1m[34mSELECT pg_try_advisory_lock(8218155208135281360)[0m
  ↳ bin/rails:9
  [1m[35m (0.6ms)[0m  [1m[34mSELECT "schema_migrations"."version" FROM "schema_migrations" ORDER BY "schema_migrations"."version" ASC[0m
  ↳ bin/rails:9
Migrating to CreateUsers (20200330164750)
  [1m[35m (0.1ms)[0m  [1m[35mBEGIN[0m
  ↳ bin/rails:9
  [1m[35m (12.4ms)[0m  [1m[35mCREATE TABLE "users" ("id" bigserial primary key, "username" character varying NOT NULL, "password_digest" character varying NOT NULL, "session_token" character varying NOT NULL, "created_at" timestamp NOT NULL, "updated_at" timestamp NOT NULL)[0m
  ↳ db/migrate/20200330164750_create_users.rb:3
  [1m[35m (2.2ms)[0m  [1m[35mCREATE  INDEX  "index_users_on_username" ON "users"  ("username")[0m
  ↳ db/migrate/20200330164750_create_users.rb:9
  [1m[35m (2.9ms)[0m  [1m[35mCREATE  INDEX  "index_users_on_session_token" ON "users"  ("session_token")[0m
  ↳ db/migrate/20200330164750_create_users.rb:10
  [1m[36mActiveRecord::SchemaMigration Create (1.0ms)[0m  [1m[32mINSERT INTO "schema_migrations" ("version") VALUES ($1) RETURNING "version"[0m  [["version", "20200330164750"]]
  ↳ bin/rails:9
  [1m[35m (6.9ms)[0m  [1m[35mCOMMIT[0m
  ↳ bin/rails:9
  [1m[36mActiveRecord::InternalMetadata Load (0.9ms)[0m  [1m[34mSELECT  "ar_internal_metadata".* FROM "ar_internal_metadata" WHERE "ar_internal_metadata"."key" = $1 LIMIT $2[0m  [["key", "environment"], ["LIMIT", 1]]
  ↳ bin/rails:9
  [1m[35m (0.1ms)[0m  [1m[35mBEGIN[0m
  ↳ bin/rails:9
  [1m[36mActiveRecord::InternalMetadata Create (0.4ms)[0m  [1m[32mINSERT INTO "ar_internal_metadata" ("key", "value", "created_at", "updated_at") VALUES ($1, $2, $3, $4) RETURNING "key"[0m  [["key", "environment"], ["value", "development"], ["created_at", "2020-03-30 16:54:31.158831"], ["updated_at", "2020-03-30 16:54:31.158831"]]
  ↳ bin/rails:9
  [1m[35m (0.5ms)[0m  [1m[35mCOMMIT[0m
  ↳ bin/rails:9
  [1m[35m (0.2ms)[0m  [1m[34mSELECT pg_advisory_unlock(8218155208135281360)[0m
  ↳ bin/rails:9
  [1m[35m (0.2ms)[0m  [1m[34mSELECT "schema_migrations"."version" FROM "schema_migrations" ORDER BY "schema_migrations"."version" ASC[0m
  ↳ bin/rails:9
Started GET "/" for ::1 at 2020-03-30 11:46:20 -0700
  [1m[35m (1.5ms)[0m  [1m[34mSELECT "schema_migrations"."version" FROM "schema_migrations" ORDER BY "schema_migrations"."version" ASC[0m
  ↳ /Users/michaelmurry/.rbenv/versions/2.5.1/lib/ruby/gems/2.5.0/gems/activerecord-5.2.4.2/lib/active_record/log_subscriber.rb:98
Processing by Rails::WelcomeController#index as HTML
  Rendering /Users/michaelmurry/.rbenv/versions/2.5.1/lib/ruby/gems/2.5.0/gems/railties-5.2.4.2/lib/rails/templates/rails/welcome/index.html.erb
  Rendered /Users/michaelmurry/.rbenv/versions/2.5.1/lib/ruby/gems/2.5.0/gems/railties-5.2.4.2/lib/rails/templates/rails/welcome/index.html.erb (66.0ms)
Completed 200 OK in 166ms (Views: 94.4ms | ActiveRecord: 0.0ms)


Started GET "/" for ::1 at 2020-03-30 11:46:54 -0700
Processing by Rails::WelcomeController#index as HTML
  Rendering /Users/michaelmurry/.rbenv/versions/2.5.1/lib/ruby/gems/2.5.0/gems/railties-5.2.4.2/lib/rails/templates/rails/welcome/index.html.erb
  Rendered /Users/michaelmurry/.rbenv/versions/2.5.1/lib/ruby/gems/2.5.0/gems/railties-5.2.4.2/lib/rails/templates/rails/welcome/index.html.erb (3.5ms)
Completed 200 OK in 18ms (Views: 14.4ms | ActiveRecord: 0.0ms)


Started GET "/" for ::1 at 2020-03-30 11:47:11 -0700
Processing by Rails::WelcomeController#index as HTML
  Rendering /Users/michaelmurry/.rbenv/versions/2.5.1/lib/ruby/gems/2.5.0/gems/railties-5.2.4.2/lib/rails/templates/rails/welcome/index.html.erb
  Rendered /Users/michaelmurry/.rbenv/versions/2.5.1/lib/ruby/gems/2.5.0/gems/railties-5.2.4.2/lib/rails/templates/rails/welcome/index.html.erb (2.5ms)
Completed 200 OK in 11ms (Views: 8.0ms | ActiveRecord: 0.0ms)


Started GET "/" for ::1 at 2020-03-30 11:47:29 -0700
Processing by Rails::WelcomeController#index as HTML
  Rendering /Users/michaelmurry/.rbenv/versions/2.5.1/lib/ruby/gems/2.5.0/gems/railties-5.2.4.2/lib/rails/templates/rails/welcome/index.html.erb
  Rendered /Users/michaelmurry/.rbenv/versions/2.5.1/lib/ruby/gems/2.5.0/gems/railties-5.2.4.2/lib/rails/templates/rails/welcome/index.html.erb (3.8ms)
Completed 200 OK in 14ms (Views: 10.5ms | ActiveRecord: 0.0ms)


Started GET "/users/new" for ::1 at 2020-03-30 11:47:33 -0700
Processing by UsersController#new as HTML
  Rendering users/new.html.erb within layouts/application
  Rendered users/new.html.erb within layouts/application (0.6ms)
Completed 200 OK in 961ms (Views: 935.0ms | ActiveRecord: 13.4ms)


Started POST "/users" for ::1 at 2020-03-30 11:47:52 -0700
Processing by UsersController#create as HTML
  Parameters: {"user"=>{"username"=>"User", "password"=>"[FILTERED]"}}
Can't verify CSRF token authenticity.
Completed 422 Unprocessable Entity in 1ms (ActiveRecord: 0.0ms)


  
ActionController::InvalidAuthenticityToken (ActionController::InvalidAuthenticityToken):
  
actionpack (5.2.4.2) lib/action_controller/metal/request_forgery_protection.rb:211:in `handle_unverified_request'
actionpack (5.2.4.2) lib/action_controller/metal/request_forgery_protection.rb:243:in `handle_unverified_request'
actionpack (5.2.4.2) lib/action_controller/metal/request_forgery_protection.rb:238:in `verify_authenticity_token'
activesupport (5.2.4.2) lib/active_support/callbacks.rb:426:in `block in make_lambda'
activesupport (5.2.4.2) lib/active_support/callbacks.rb:198:in `block (2 levels) in halting'
actionpack (5.2.4.2) lib/abstract_controller/callbacks.rb:34:in `block (2 levels) in <module:Callbacks>'
activesupport (5.2.4.2) lib/active_support/callbacks.rb:199:in `block in halting'
activesupport (5.2.4.2) lib/active_support/callbacks.rb:513:in `block in invoke_before'
activesupport (5.2.4.2) lib/active_support/callbacks.rb:513:in `each'
activesupport (5.2.4.2) lib/active_support/callbacks.rb:513:in `invoke_before'
activesupport (5.2.4.2) lib/active_support/callbacks.rb:131:in `run_callbacks'
actionpack (5.2.4.2) lib/abstract_controller/callbacks.rb:41:in `process_action'
actionpack (5.2.4.2) lib/action_controller/metal/rescue.rb:22:in `process_action'
actionpack (5.2.4.2) lib/action_controller/metal/instrumentation.rb:34:in `block in process_action'
activesupport (5.2.4.2) lib/active_support/notifications.rb:168:in `block in instrument'
activesupport (5.2.4.2) lib/active_support/notifications/instrumenter.rb:23:in `instrument'
activesupport (5.2.4.2) lib/active_support/notifications.rb:168:in `instrument'
actionpack (5.2.4.2) lib/action_controller/metal/instrumentation.rb:32:in `process_action'
actionpack (5.2.4.2) lib/action_controller/metal/params_wrapper.rb:256:in `process_action'
activerecord (5.2.4.2) lib/active_record/railties/controller_runtime.rb:24:in `process_action'
actionpack (5.2.4.2) lib/abstract_controller/base.rb:134:in `process'
actionview (5.2.4.2) lib/action_view/rendering.rb:32:in `process'
actionpack (5.2.4.2) lib/action_controller/metal.rb:191:in `dispatch'
actionpack (5.2.4.2) lib/action_controller/metal.rb:252:in `dispatch'
actionpack (5.2.4.2) lib/action_dispatch/routing/route_set.rb:52:in `dispatch'
actionpack (5.2.4.2) lib/action_dispatch/routing/route_set.rb:34:in `serve'
actionpack (5.2.4.2) lib/action_dispatch/journey/router.rb:52:in `block in serve'
actionpack (5.2.4.2) lib/action_dispatch/journey/router.rb:35:in `each'
actionpack (5.2.4.2) lib/action_dispatch/journey/router.rb:35:in `serve'
actionpack (5.2.4.2) lib/action_dispatch/routing/route_set.rb:840:in `call'
rack (2.2.2) lib/rack/tempfile_reaper.rb:15:in `call'
rack (2.2.2) lib/rack/etag.rb:27:in `call'
rack (2.2.2) lib/rack/conditional_get.rb:40:in `call'
rack (2.2.2) lib/rack/head.rb:12:in `call'
actionpack (5.2.4.2) lib/action_dispatch/http/content_security_policy.rb:18:in `call'
rack (2.2.2) lib/rack/session/abstract/id.rb:266:in `context'
rack (2.2.2) lib/rack/session/abstract/id.rb:260:in `call'
actionpack (5.2.4.2) lib/action_dispatch/middleware/cookies.rb:670:in `call'
activerecord (5.2.4.2) lib/active_record/migration.rb:559:in `call'
actionpack (5.2.4.2) lib/action_dispatch/middleware/callbacks.rb:28:in `block in call'
activesupport (5.2.4.2) lib/active_support/callbacks.rb:98:in `run_callbacks'
actionpack (5.2.4.2) lib/action_dispatch/middleware/callbacks.rb:26:in `call'
actionpack (5.2.4.2) lib/action_dispatch/middleware/executor.rb:14:in `call'
actionpack (5.2.4.2) lib/action_dispatch/middleware/debug_exceptions.rb:61:in `call'
web-console (3.7.0) lib/web_console/middleware.rb:135:in `call_app'
web-console (3.7.0) lib/web_console/middleware.rb:30:in `block in call'
web-console (3.7.0) lib/web_console/middleware.rb:20:in `catch'
web-console (3.7.0) lib/web_console/middleware.rb:20:in `call'
actionpack (5.2.4.2) lib/action_dispatch/middleware/show_exceptions.rb:33:in `call'
railties (5.2.4.2) lib/rails/rack/logger.rb:38:in `call_app'
railties (5.2.4.2) lib/rails/rack/logger.rb:26:in `block in call'
activesupport (5.2.4.2) lib/active_support/tagged_logging.rb:71:in `block in tagged'
activesupport (5.2.4.2) lib/active_support/tagged_logging.rb:28:in `tagged'
activesupport (5.2.4.2) lib/active_support/tagged_logging.rb:71:in `tagged'
railties (5.2.4.2) lib/rails/rack/logger.rb:26:in `call'
sprockets-rails (3.2.1) lib/sprockets/rails/quiet_assets.rb:13:in `call'
actionpack (5.2.4.2) lib/action_dispatch/middleware/remote_ip.rb:81:in `call'
actionpack (5.2.4.2) lib/action_dispatch/middleware/request_id.rb:27:in `call'
rack (2.2.2) lib/rack/method_override.rb:24:in `call'
rack (2.2.2) lib/rack/runtime.rb:22:in `call'
activesupport (5.2.4.2) lib/active_support/cache/strategy/local_cache_middleware.rb:29:in `call'
actionpack (5.2.4.2) lib/action_dispatch/middleware/executor.rb:14:in `call'
actionpack (5.2.4.2) lib/action_dispatch/middleware/static.rb:127:in `call'
rack (2.2.2) lib/rack/sendfile.rb:110:in `call'
railties (5.2.4.2) lib/rails/engine.rb:524:in `call'
puma (3.12.4) lib/puma/configuration.rb:227:in `call'
puma (3.12.4) lib/puma/server.rb:675:in `handle_request'
puma (3.12.4) lib/puma/server.rb:476:in `process_client'
puma (3.12.4) lib/puma/server.rb:334:in `block in run'
puma (3.12.4) lib/puma/thread_pool.rb:135:in `block in spawn_thread'
Started GET "/" for ::1 at 2020-03-30 11:53:28 -0700
Processing by Rails::WelcomeController#index as HTML
  Rendering /Users/michaelmurry/.rbenv/versions/2.5.1/lib/ruby/gems/2.5.0/gems/railties-5.2.4.2/lib/rails/templates/rails/welcome/index.html.erb
  Rendered /Users/michaelmurry/.rbenv/versions/2.5.1/lib/ruby/gems/2.5.0/gems/railties-5.2.4.2/lib/rails/templates/rails/welcome/index.html.erb (15.2ms)
Completed 200 OK in 67ms (Views: 27.5ms | ActiveRecord: 0.0ms)


Started GET "/users/new" for ::1 at 2020-03-30 11:53:36 -0700
Processing by UsersController#new as HTML
  Rendering users/new.html.erb within layouts/application
  Rendered users/new.html.erb within layouts/application (1.5ms)
Completed 200 OK in 49ms (Views: 46.0ms | ActiveRecord: 0.0ms)


Started POST "/users" for ::1 at 2020-03-30 11:53:43 -0700
Processing by UsersController#create as HTML
  Parameters: {"authenticity_token"=>"iDauRM5oCLvDqbTn9BxQYkZE1MXkiVggM96/DlO3T1xd373NI16zzTJIy0bTlpe/DSAnLDiY77MPV+G3obxKbw==", "user"=>{"username"=>"hello", "password"=>"[FILTERED]"}}
Completed 500 Internal Server Error in 14ms (ActiveRecord: 0.0ms)


  
NameError (uninitialized constant User::BCrypt):
  
app/models/user.rb:24:in `password='
app/controllers/users_controller.rb:9:in `create'
Started GET "/users" for ::1 at 2020-03-30 11:56:41 -0700
Processing by UsersController#index as HTML
  Rendering users/index.html.erb within layouts/application
  [1m[36mUser Load (5.8ms)[0m  [1m[34mSELECT "users".* FROM "users"[0m
  ↳ app/views/users/index.html.erb:6
  Rendered users/index.html.erb within layouts/application (8.9ms)
Completed 200 OK in 55ms (Views: 46.5ms | ActiveRecord: 5.8ms)


Started GET "/users/1" for ::1 at 2020-03-30 11:56:48 -0700
Processing by UsersController#show as HTML
  Parameters: {"id"=>"1"}
  [1m[36mUser Load (2.3ms)[0m  [1m[34mSELECT  "users".* FROM "users" WHERE "users"."id" = $1 LIMIT $2[0m  [["id", 1], ["LIMIT", 1]]
  ↳ app/controllers/users_controller.rb:29
  Rendering users/show.html.erb within layouts/application
  Rendered users/show.html.erb within layouts/application (3.4ms)
Completed 500 Internal Server Error in 41ms (ActiveRecord: 2.6ms)


  
ActionView::Template::Error (undefined method `username' for nil:NilClass):
    1: <h1>Welcome <%= @user.username %></h1>
  
app/views/users/show.html.erb:1:in `_app_views_users_show_html_erb___2638454611547342930_70161061896680'
app/controllers/users_controller.rb:30:in `show'
Started GET "/users/" for ::1 at 2020-03-30 11:56:52 -0700
Processing by UsersController#index as HTML
  Rendering users/index.html.erb within layouts/application
  [1m[36mUser Load (0.3ms)[0m  [1m[34mSELECT "users".* FROM "users"[0m
  ↳ app/views/users/index.html.erb:6
  Rendered users/index.html.erb within layouts/application (1.4ms)
Completed 200 OK in 26ms (Views: 24.7ms | ActiveRecord: 0.3ms)


Started GET "/users/" for ::1 at 2020-03-30 11:58:14 -0700
  [1m[35m (2.6ms)[0m  [1m[34mSELECT "schema_migrations"."version" FROM "schema_migrations" ORDER BY "schema_migrations"."version" ASC[0m
  ↳ /Users/michaelmurry/.rbenv/versions/2.5.1/lib/ruby/gems/2.5.0/gems/activerecord-5.2.4.2/lib/active_record/log_subscriber.rb:98
Processing by UsersController#index as HTML
  Rendering users/index.html.erb within layouts/application
  [1m[36mUser Load (0.8ms)[0m  [1m[34mSELECT "users".* FROM "users"[0m
  ↳ app/views/users/index.html.erb:6
  Rendered users/index.html.erb within layouts/application (6.1ms)
Completed 200 OK in 315ms (Views: 298.1ms | ActiveRecord: 2.9ms)


Started GET "/users/new" for ::1 at 2020-03-30 11:58:19 -0700
Processing by UsersController#new as HTML
  Rendering users/new.html.erb within layouts/application
  Rendered users/new.html.erb within layouts/application (1.7ms)
Completed 200 OK in 55ms (Views: 32.3ms | ActiveRecord: 12.8ms)


Started POST "/users" for ::1 at 2020-03-30 11:58:25 -0700
Processing by UsersController#create as HTML
  Parameters: {"authenticity_token"=>"gDV6fTp7GqRC1hqFYE4iv7hYgkwrlTPoycu3MN+BuDVV3Gn0102h0rM3ZSRHxOVi8zxxpfeEhHv1QumJLYq9Bg==", "user"=>{"username"=>"user", "password"=>"[FILTERED]"}}
Completed 500 Internal Server Error in 2ms (ActiveRecord: 0.0ms)


  
NameError (uninitialized constant User::BCrypt):
  
app/models/user.rb:24:in `password='
app/controllers/users_controller.rb:9:in `create'
Started GET "/" for ::1 at 2020-03-30 11:58:42 -0700
Processing by Rails::WelcomeController#index as HTML
  Rendering /Users/michaelmurry/.rbenv/versions/2.5.1/lib/ruby/gems/2.5.0/gems/railties-5.2.4.2/lib/rails/templates/rails/welcome/index.html.erb
  Rendered /Users/michaelmurry/.rbenv/versions/2.5.1/lib/ruby/gems/2.5.0/gems/railties-5.2.4.2/lib/rails/templates/rails/welcome/index.html.erb (2.5ms)
Completed 200 OK in 14ms (Views: 7.6ms | ActiveRecord: 0.0ms)


Started POST "/__web_console/repl_sessions/3915b9c2e463867003b9881f417a22cd/trace" for ::1 at 2020-03-30 12:02:25 -0700
Started POST "/__web_console/repl_sessions/3915b9c2e463867003b9881f417a22cd/trace" for ::1 at 2020-03-30 12:02:29 -0700
Started GET "/users" for ::1 at 2020-03-30 12:03:33 -0700
  [1m[35m (1.2ms)[0m  [1m[34mSELECT "schema_migrations"."version" FROM "schema_migrations" ORDER BY "schema_migrations"."version" ASC[0m
  ↳ /Users/michaelmurry/.rbenv/versions/2.5.1/lib/ruby/gems/2.5.0/gems/activerecord-5.2.4.2/lib/active_record/log_subscriber.rb:98
Processing by UsersController#index as HTML
  Rendering users/index.html.erb within layouts/application
  [1m[36mUser Load (5.4ms)[0m  [1m[34mSELECT "users".* FROM "users"[0m
  ↳ app/views/users/index.html.erb:6
  Rendered users/index.html.erb within layouts/application (13.6ms)
Completed 200 OK in 303ms (Views: 282.2ms | ActiveRecord: 8.8ms)


Started GET "/users/new" for ::1 at 2020-03-30 12:03:37 -0700
Processing by UsersController#new as HTML
  Rendering users/new.html.erb within layouts/application
  Rendered users/new.html.erb within layouts/application (0.8ms)
Completed 200 OK in 54ms (Views: 30.3ms | ActiveRecord: 9.9ms)


Started POST "/users" for ::1 at 2020-03-30 12:03:42 -0700
Processing by UsersController#create as HTML
  Parameters: {"authenticity_token"=>"iQAZnJDAtIYHIgV5zUgRNLThKTZwAFdo4Tkk2c+ASiRc6QoVffYP8PbDetjqwtbp/4Xa36wR4PvdsHpgPYtPFw==", "user"=>{"username"=>"username", "password"=>"[FILTERED]"}}
  [1m[35m (0.2ms)[0m  [1m[35mBEGIN[0m
  ↳ app/controllers/users_controller.rb:10
  [1m[36mUser Exists (0.5ms)[0m  [1m[34mSELECT  1 AS one FROM "users" WHERE "users"."username" = $1 LIMIT $2[0m  [["username", "username"], ["LIMIT", 1]]
  ↳ app/controllers/users_controller.rb:10
  [1m[36mUser Create (1.2ms)[0m  [1m[32mINSERT INTO "users" ("username", "password_digest", "session_token", "created_at", "updated_at") VALUES ($1, $2, $3, $4, $5) RETURNING "id"[0m  [["username", "username"], ["password_digest", "$2a$12$dubXmSp29FHVGeiurr/fAuGjU/oKDbKnegElQjB6q4YXeV4tH.vgK"], ["session_token", "lrfTyg94aq_FRQh9_K_G9A"], ["created_at", "2020-03-30 19:03:43.246749"], ["updated_at", "2020-03-30 19:03:43.246749"]]
  ↳ app/controllers/users_controller.rb:10
  [1m[35m (0.5ms)[0m  [1m[35mCOMMIT[0m
  ↳ app/controllers/users_controller.rb:10
  [1m[35m (0.2ms)[0m  [1m[35mBEGIN[0m
  ↳ app/models/user.rb:33
  [1m[36mUser Exists (0.8ms)[0m  [1m[34mSELECT  1 AS one FROM "users" WHERE "users"."username" = $1 AND "users"."id" != $2 LIMIT $3[0m  [["username", "username"], ["id", 1], ["LIMIT", 1]]
  ↳ app/models/user.rb:33
  [1m[36mUser Update (0.5ms)[0m  [1m[33mUPDATE "users" SET "session_token" = $1, "updated_at" = $2 WHERE "users"."id" = $3[0m  [["session_token", "Fsc9dmSISOZJScXLP1D2kQ"], ["updated_at", "2020-03-30 19:03:43.253800"], ["id", 1]]
  ↳ app/models/user.rb:33
  [1m[35m (0.3ms)[0m  [1m[35mCOMMIT[0m
  ↳ app/models/user.rb:33
Redirected to http://localhost:3000/users
Completed 302 Found in 255ms (ActiveRecord: 4.2ms)


Started GET "/users" for ::1 at 2020-03-30 12:03:43 -0700
Processing by UsersController#index as HTML
  Rendering users/index.html.erb within layouts/application
  [1m[36mUser Load (0.3ms)[0m  [1m[34mSELECT "users".* FROM "users"[0m
  ↳ app/views/users/index.html.erb:6
  Rendered users/index.html.erb within layouts/application (2.7ms)
Completed 200 OK in 21ms (Views: 20.3ms | ActiveRecord: 0.3ms)


Started GET "/users/1" for ::1 at 2020-03-30 12:03:47 -0700
Processing by UsersController#show as HTML
  Parameters: {"id"=>"1"}
  [1m[36mUser Load (3.3ms)[0m  [1m[34mSELECT  "users".* FROM "users" WHERE "users"."id" = $1 LIMIT $2[0m  [["id", 1], ["LIMIT", 1]]
  ↳ app/controllers/users_controller.rb:29
  Rendering users/show.html.erb within layouts/application
  Rendered users/show.html.erb within layouts/application (0.5ms)
Completed 200 OK in 49ms (Views: 34.2ms | ActiveRecord: 3.9ms)


Started GET "/session/new" for ::1 at 2020-03-30 12:16:47 -0700
  [1m[35m (0.7ms)[0m  [1m[34mSELECT "schema_migrations"."version" FROM "schema_migrations" ORDER BY "schema_migrations"."version" ASC[0m
  ↳ /Users/michaelmurry/.rbenv/versions/2.5.1/lib/ruby/gems/2.5.0/gems/activerecord-5.2.4.2/lib/active_record/log_subscriber.rb:98
Processing by SessionsController#new as HTML
  Rendering sessions/new.html.erb within layouts/application
  Rendered sessions/new.html.erb within layouts/application (12.5ms)
Completed 500 Internal Server Error in 33ms (ActiveRecord: 0.0ms)


  
ActionView::Template::Error (undefined method `username' for nil:NilClass):
     6:             name="authenticity_token"
     7:             value="<%= form_authenticity_token%>"
     8:     />
     9:     <label>Username: <input type="text" name="user[username]" value="<%= @user.username%>"/></label>
    10:     <label>Password: <input type="password" name="user[password]" value=""/></label>
    11:     <button>Sign In</button>
    12: </form>
  
app/views/sessions/new.html.erb:9:in `_app_views_sessions_new_html_erb__473263574413376712_70299966901340'
app/controllers/sessions_controller.rb:3:in `new'
Started GET "/session/new" for ::1 at 2020-03-30 12:17:32 -0700
Processing by SessionsController#new as HTML
  Rendering sessions/new.html.erb within layouts/application
  Rendered sessions/new.html.erb within layouts/application (0.6ms)
Completed 200 OK in 291ms (Views: 275.5ms | ActiveRecord: 8.1ms)


Started GET "/session/new" for ::1 at 2020-03-30 12:18:34 -0700
Processing by SessionsController#new as HTML
  Rendering sessions/new.html.erb within layouts/application
  Rendered sessions/new.html.erb within layouts/application (0.9ms)
Completed 200 OK in 33ms (Views: 31.9ms | ActiveRecord: 0.0ms)


Started GET "/session/new" for ::1 at 2020-03-30 12:18:35 -0700
Processing by SessionsController#new as HTML
  Rendering sessions/new.html.erb within layouts/application
  Rendered sessions/new.html.erb within layouts/application (0.9ms)
Completed 200 OK in 22ms (Views: 20.8ms | ActiveRecord: 0.0ms)


Started POST "/session" for ::1 at 2020-03-30 12:18:45 -0700
Processing by SessionsController#create as HTML
  Parameters: {"authenticity_token"=>"wjZyk4L4RNB761NXaPViulvILU6n33Xs8I3WeLN6VdAX32Eab87/pooKLPZPf6VnEKzep3vOwn/MBIjBQXFQ4w==", "user"=>{"username"=>"username", "password"=>"[FILTERED]"}}
Completed 500 Internal Server Error in 1ms (ActiveRecord: 0.0ms)


  
NoMethodError (undefined method `[]' for nil:NilClass):
  
app/controllers/sessions_controller.rb:9:in `create'
Started GET "/session/new" for ::1 at 2020-03-30 12:19:22 -0700
Processing by SessionsController#new as HTML
  Rendering sessions/new.html.erb within layouts/application
  Rendered sessions/new.html.erb within layouts/application (0.6ms)
Completed 200 OK in 71ms (Views: 30.7ms | ActiveRecord: 11.6ms)


Started POST "/session" for ::1 at 2020-03-30 12:19:29 -0700
Processing by SessionsController#create as HTML
  Parameters: {"authenticity_token"=>"2qaVaaYa2PSaQCJnkZeoSlZYYPekH7hdHM1pZgEJo38PT4bgSyxjgmuhXca2HW+XHTyTHngOD84gRDff8wKmTA==", "user"=>{"username"=>"user", "password"=>"[FILTERED]"}}
  [1m[36mUser Load (5.1ms)[0m  [1m[34mSELECT  "users".* FROM "users" WHERE (user) LIMIT $1[0m  [["LIMIT", 1]]
  ↳ app/controllers/sessions_controller.rb:8
Completed 500 Internal Server Error in 8ms (ActiveRecord: 5.1ms)


  
ActiveRecord::StatementInvalid (PG::DatatypeMismatch: ERROR:  argument of WHERE must be type boolean, not type name
LINE 1: SELECT  "users".* FROM "users" WHERE (user) LIMIT $1
                                              ^
: SELECT  "users".* FROM "users" WHERE (user) LIMIT $1):
  
app/controllers/sessions_controller.rb:8:in `create'
Started GET "/session" for ::1 at 2020-03-30 12:21:43 -0700
  
ActionController::RoutingError (No route matches [GET] "/session"):
  
actionpack (5.2.4.2) lib/action_dispatch/middleware/debug_exceptions.rb:65:in `call'
web-console (3.7.0) lib/web_console/middleware.rb:135:in `call_app'
web-console (3.7.0) lib/web_console/middleware.rb:30:in `block in call'
web-console (3.7.0) lib/web_console/middleware.rb:20:in `catch'
web-console (3.7.0) lib/web_console/middleware.rb:20:in `call'
actionpack (5.2.4.2) lib/action_dispatch/middleware/show_exceptions.rb:33:in `call'
railties (5.2.4.2) lib/rails/rack/logger.rb:38:in `call_app'
railties (5.2.4.2) lib/rails/rack/logger.rb:26:in `block in call'
activesupport (5.2.4.2) lib/active_support/tagged_logging.rb:71:in `block in tagged'
activesupport (5.2.4.2) lib/active_support/tagged_logging.rb:28:in `tagged'
activesupport (5.2.4.2) lib/active_support/tagged_logging.rb:71:in `tagged'
railties (5.2.4.2) lib/rails/rack/logger.rb:26:in `call'
sprockets-rails (3.2.1) lib/sprockets/rails/quiet_assets.rb:13:in `call'
actionpack (5.2.4.2) lib/action_dispatch/middleware/remote_ip.rb:81:in `call'
actionpack (5.2.4.2) lib/action_dispatch/middleware/request_id.rb:27:in `call'
rack (2.2.2) lib/rack/method_override.rb:24:in `call'
rack (2.2.2) lib/rack/runtime.rb:22:in `call'
activesupport (5.2.4.2) lib/active_support/cache/strategy/local_cache_middleware.rb:29:in `call'
actionpack (5.2.4.2) lib/action_dispatch/middleware/executor.rb:14:in `call'
actionpack (5.2.4.2) lib/action_dispatch/middleware/static.rb:127:in `call'
rack (2.2.2) lib/rack/sendfile.rb:110:in `call'
railties (5.2.4.2) lib/rails/engine.rb:524:in `call'
puma (3.12.4) lib/puma/configuration.rb:227:in `call'
puma (3.12.4) lib/puma/server.rb:675:in `handle_request'
puma (3.12.4) lib/puma/server.rb:476:in `process_client'
puma (3.12.4) lib/puma/server.rb:334:in `block in run'
puma (3.12.4) lib/puma/thread_pool.rb:135:in `block in spawn_thread'
Started GET "/" for ::1 at 2020-03-30 15:28:35 -0700
  [1m[35m (1.0ms)[0m  [1m[34mSELECT "schema_migrations"."version" FROM "schema_migrations" ORDER BY "schema_migrations"."version" ASC[0m
  ↳ /Users/michaelmurry/.rbenv/versions/2.5.1/lib/ruby/gems/2.5.0/gems/activerecord-5.2.4.2/lib/active_record/log_subscriber.rb:98
Processing by Rails::WelcomeController#index as HTML
  Rendering /Users/michaelmurry/.rbenv/versions/2.5.1/lib/ruby/gems/2.5.0/gems/railties-5.2.4.2/lib/rails/templates/rails/welcome/index.html.erb
  Rendered /Users/michaelmurry/.rbenv/versions/2.5.1/lib/ruby/gems/2.5.0/gems/railties-5.2.4.2/lib/rails/templates/rails/welcome/index.html.erb (6.3ms)
Completed 200 OK in 55ms (Views: 25.3ms | ActiveRecord: 0.0ms)


Started GET "/session/new" for ::1 at 2020-03-30 15:28:43 -0700
Processing by SessionsController#new as HTML
  Rendering sessions/new.html.erb within layouts/application
  Rendered sessions/new.html.erb within layouts/application (0.7ms)
Completed 200 OK in 438ms (Views: 399.9ms | ActiveRecord: 24.8ms)


Started POST "/session" for ::1 at 2020-03-30 15:28:51 -0700
Processing by SessionsController#create as HTML
  Parameters: {"authenticity_token"=>"kTXs0PZ6j9csMY6CGtowqHOKI/qMGoNG7p+7sVg0NPxE3P9ZG0w0od3Q8SM9UPd1OO7QE1ALNNXSFuUIqj8xzw==", "user"=>{"username"=>"user", "password"=>"[FILTERED]"}}
  [1m[36mUser Load (2.0ms)[0m  [1m[34mSELECT  "users".* FROM "users" WHERE (user) LIMIT $1[0m  [["LIMIT", 1]]
  ↳ app/controllers/sessions_controller.rb:8
Completed 500 Internal Server Error in 5ms (ActiveRecord: 2.0ms)


  
ActiveRecord::StatementInvalid (PG::DatatypeMismatch: ERROR:  argument of WHERE must be type boolean, not type name
LINE 1: SELECT  "users".* FROM "users" WHERE (user) LIMIT $1
                                              ^
: SELECT  "users".* FROM "users" WHERE (user) LIMIT $1):
  
app/controllers/sessions_controller.rb:8:in `create'
Started GET "/session" for ::1 at 2020-03-30 15:30:09 -0700
  
ActionController::RoutingError (No route matches [GET] "/session"):
  
actionpack (5.2.4.2) lib/action_dispatch/middleware/debug_exceptions.rb:65:in `call'
web-console (3.7.0) lib/web_console/middleware.rb:135:in `call_app'
web-console (3.7.0) lib/web_console/middleware.rb:30:in `block in call'
web-console (3.7.0) lib/web_console/middleware.rb:20:in `catch'
web-console (3.7.0) lib/web_console/middleware.rb:20:in `call'
actionpack (5.2.4.2) lib/action_dispatch/middleware/show_exceptions.rb:33:in `call'
railties (5.2.4.2) lib/rails/rack/logger.rb:38:in `call_app'
railties (5.2.4.2) lib/rails/rack/logger.rb:26:in `block in call'
activesupport (5.2.4.2) lib/active_support/tagged_logging.rb:71:in `block in tagged'
activesupport (5.2.4.2) lib/active_support/tagged_logging.rb:28:in `tagged'
activesupport (5.2.4.2) lib/active_support/tagged_logging.rb:71:in `tagged'
railties (5.2.4.2) lib/rails/rack/logger.rb:26:in `call'
sprockets-rails (3.2.1) lib/sprockets/rails/quiet_assets.rb:13:in `call'
actionpack (5.2.4.2) lib/action_dispatch/middleware/remote_ip.rb:81:in `call'
actionpack (5.2.4.2) lib/action_dispatch/middleware/request_id.rb:27:in `call'
rack (2.2.2) lib/rack/method_override.rb:24:in `call'
rack (2.2.2) lib/rack/runtime.rb:22:in `call'
activesupport (5.2.4.2) lib/active_support/cache/strategy/local_cache_middleware.rb:29:in `call'
actionpack (5.2.4.2) lib/action_dispatch/middleware/executor.rb:14:in `call'
actionpack (5.2.4.2) lib/action_dispatch/middleware/static.rb:127:in `call'
rack (2.2.2) lib/rack/sendfile.rb:110:in `call'
railties (5.2.4.2) lib/rails/engine.rb:524:in `call'
puma (3.12.4) lib/puma/configuration.rb:227:in `call'
puma (3.12.4) lib/puma/server.rb:675:in `handle_request'
puma (3.12.4) lib/puma/server.rb:476:in `process_client'
puma (3.12.4) lib/puma/server.rb:334:in `block in run'
puma (3.12.4) lib/puma/thread_pool.rb:135:in `block in spawn_thread'
Started GET "/session" for ::1 at 2020-03-30 15:30:12 -0700
  
ActionController::RoutingError (No route matches [GET] "/session"):
  
actionpack (5.2.4.2) lib/action_dispatch/middleware/debug_exceptions.rb:65:in `call'
web-console (3.7.0) lib/web_console/middleware.rb:135:in `call_app'
web-console (3.7.0) lib/web_console/middleware.rb:30:in `block in call'
web-console (3.7.0) lib/web_console/middleware.rb:20:in `catch'
web-console (3.7.0) lib/web_console/middleware.rb:20:in `call'
actionpack (5.2.4.2) lib/action_dispatch/middleware/show_exceptions.rb:33:in `call'
railties (5.2.4.2) lib/rails/rack/logger.rb:38:in `call_app'
railties (5.2.4.2) lib/rails/rack/logger.rb:26:in `block in call'
activesupport (5.2.4.2) lib/active_support/tagged_logging.rb:71:in `block in tagged'
activesupport (5.2.4.2) lib/active_support/tagged_logging.rb:28:in `tagged'
activesupport (5.2.4.2) lib/active_support/tagged_logging.rb:71:in `tagged'
railties (5.2.4.2) lib/rails/rack/logger.rb:26:in `call'
sprockets-rails (3.2.1) lib/sprockets/rails/quiet_assets.rb:13:in `call'
actionpack (5.2.4.2) lib/action_dispatch/middleware/remote_ip.rb:81:in `call'
actionpack (5.2.4.2) lib/action_dispatch/middleware/request_id.rb:27:in `call'
rack (2.2.2) lib/rack/method_override.rb:24:in `call'
rack (2.2.2) lib/rack/runtime.rb:22:in `call'
activesupport (5.2.4.2) lib/active_support/cache/strategy/local_cache_middleware.rb:29:in `call'
actionpack (5.2.4.2) lib/action_dispatch/middleware/executor.rb:14:in `call'
actionpack (5.2.4.2) lib/action_dispatch/middleware/static.rb:127:in `call'
rack (2.2.2) lib/rack/sendfile.rb:110:in `call'
railties (5.2.4.2) lib/rails/engine.rb:524:in `call'
puma (3.12.4) lib/puma/configuration.rb:227:in `call'
puma (3.12.4) lib/puma/server.rb:675:in `handle_request'
puma (3.12.4) lib/puma/server.rb:476:in `process_client'
puma (3.12.4) lib/puma/server.rb:334:in `block in run'
puma (3.12.4) lib/puma/thread_pool.rb:135:in `block in spawn_thread'
Started GET "/session/new" for ::1 at 2020-03-30 15:30:18 -0700
Processing by SessionsController#new as HTML
  Rendering sessions/new.html.erb within layouts/application
  Rendered sessions/new.html.erb within layouts/application (0.8ms)
Completed 200 OK in 102ms (Views: 68.9ms | ActiveRecord: 8.2ms)


Started POST "/session" for ::1 at 2020-03-30 15:30:24 -0700
Processing by SessionsController#create as HTML
  Parameters: {"authenticity_token"=>"2yEBZihfZpjnIGni83uj+XOMnOCmEkJkHry7434878YOyBLvxWnd7hbBFkPU8WQkOOhvCXoD9fciNeVajDfq9Q==", "user"=>{"username"=>"user", "password"=>"[FILTERED]"}}
Completed 500 Internal Server Error in 26ms (ActiveRecord: 1.8ms)


  
ActiveRecord::StatementInvalid (PG::UndefinedColumn: ERROR:  column users.password does not exist
LINE 1: ....* FROM "users" WHERE "users"."username" = $1 AND "users"."p...
                                                             ^
: SELECT  "users".* FROM "users" WHERE "users"."username" = $1 AND "users"."password" = $2 LIMIT $3):
  
app/controllers/sessions_controller.rb:8:in `create'
Started POST "/__web_console/repl_sessions/70abcfa43f4a8a093037c2fb73d36574/trace" for ::1 at 2020-03-30 15:30:39 -0700
Started GET "/session" for ::1 at 2020-03-30 15:31:33 -0700
  
ActionController::RoutingError (No route matches [GET] "/session"):
  
actionpack (5.2.4.2) lib/action_dispatch/middleware/debug_exceptions.rb:65:in `call'
web-console (3.7.0) lib/web_console/middleware.rb:135:in `call_app'
web-console (3.7.0) lib/web_console/middleware.rb:30:in `block in call'
web-console (3.7.0) lib/web_console/middleware.rb:20:in `catch'
web-console (3.7.0) lib/web_console/middleware.rb:20:in `call'
actionpack (5.2.4.2) lib/action_dispatch/middleware/show_exceptions.rb:33:in `call'
railties (5.2.4.2) lib/rails/rack/logger.rb:38:in `call_app'
railties (5.2.4.2) lib/rails/rack/logger.rb:26:in `block in call'
activesupport (5.2.4.2) lib/active_support/tagged_logging.rb:71:in `block in tagged'
activesupport (5.2.4.2) lib/active_support/tagged_logging.rb:28:in `tagged'
activesupport (5.2.4.2) lib/active_support/tagged_logging.rb:71:in `tagged'
railties (5.2.4.2) lib/rails/rack/logger.rb:26:in `call'
sprockets-rails (3.2.1) lib/sprockets/rails/quiet_assets.rb:13:in `call'
actionpack (5.2.4.2) lib/action_dispatch/middleware/remote_ip.rb:81:in `call'
actionpack (5.2.4.2) lib/action_dispatch/middleware/request_id.rb:27:in `call'
rack (2.2.2) lib/rack/method_override.rb:24:in `call'
rack (2.2.2) lib/rack/runtime.rb:22:in `call'
activesupport (5.2.4.2) lib/active_support/cache/strategy/local_cache_middleware.rb:29:in `call'
actionpack (5.2.4.2) lib/action_dispatch/middleware/executor.rb:14:in `call'
actionpack (5.2.4.2) lib/action_dispatch/middleware/static.rb:127:in `call'
rack (2.2.2) lib/rack/sendfile.rb:110:in `call'
railties (5.2.4.2) lib/rails/engine.rb:524:in `call'
puma (3.12.4) lib/puma/configuration.rb:227:in `call'
puma (3.12.4) lib/puma/server.rb:675:in `handle_request'
puma (3.12.4) lib/puma/server.rb:476:in `process_client'
puma (3.12.4) lib/puma/server.rb:334:in `block in run'
puma (3.12.4) lib/puma/thread_pool.rb:135:in `block in spawn_thread'
Started GET "/session/new" for ::1 at 2020-03-30 15:31:38 -0700
Processing by SessionsController#new as HTML
  Rendering sessions/new.html.erb within layouts/application
  Rendered sessions/new.html.erb within layouts/application (0.7ms)
Completed 200 OK in 117ms (Views: 83.9ms | ActiveRecord: 17.9ms)


Started POST "/session" for ::1 at 2020-03-30 15:31:43 -0700
Processing by SessionsController#create as HTML
  Parameters: {"authenticity_token"=>"BZn91GkS9nMmaTaSgh6nGuBnH4ch81OEhCt22iXpMhrQcO5dhCRNBdeISTOllGDHqwPsbv3i5Be4oihj1+I3KQ==", "user"=>{"username"=>"user", "password"=>"[FILTERED]"}}
Completed 500 Internal Server Error in 2ms (ActiveRecord: 0.0ms)


  
NoMethodError (undefined method `[]' for nil:NilClass):
  
app/controllers/sessions_controller.rb:9:in `create'
Started GET "/session/new" for ::1 at 2020-03-30 15:34:33 -0700
Processing by SessionsController#new as HTML
  Rendering sessions/new.html.erb within layouts/application
  Rendered sessions/new.html.erb within layouts/application (12.7ms)
Completed 200 OK in 132ms (Views: 91.9ms | ActiveRecord: 24.8ms)


Started POST "/session" for ::1 at 2020-03-30 15:34:38 -0700
Processing by SessionsController#create as HTML
  Parameters: {"authenticity_token"=>"aM271gSSXy6qJSQ3uqNrvvlI+1OnYU96wju4S6IvWhO9JKhf6aTkWFvEW5adKaxjsiwIuntw+On+subyUCRfIA==", "user"=>{"username"=>"user", "password"=>"[FILTERED]"}}
Completed 500 Internal Server Error in 52333ms (ActiveRecord: 0.0ms)


  
NoMethodError (undefined method `[]' for nil:NilClass):
  
app/controllers/sessions_controller.rb:10:in `create'
Started GET "/session/new" for ::1 at 2020-03-30 15:35:36 -0700
Processing by SessionsController#new as HTML
  Rendering sessions/new.html.erb within layouts/application
  Rendered sessions/new.html.erb within layouts/application (1.7ms)
Completed 200 OK in 83ms (Views: 50.3ms | ActiveRecord: 10.4ms)


Started POST "/session" for ::1 at 2020-03-30 15:35:43 -0700
Processing by SessionsController#create as HTML
  Parameters: {"authenticity_token"=>"VOCKHcgu5boF3DhlCUCKUM+HAdWAIt5pfR5dIG1evYSBCZmUJRhezPQ9R8Quyk2NhOPyPFwzafpBlwOZn1W4tw==", "user"=>{"username"=>"1223", "password"=>"[FILTERED]"}}
Completed 500 Internal Server Error in 8ms (ActiveRecord: 0.0ms)


  
ActiveRecord::StatementInvalid (PG::UndefinedColumn: ERROR:  column users.password does not exist
LINE 1: ....* FROM "users" WHERE "users"."username" = $1 AND "users"."p...
                                                             ^
: SELECT  "users".* FROM "users" WHERE "users"."username" = $1 AND "users"."password" = $2 LIMIT $3):
  
app/controllers/sessions_controller.rb:9:in `create'
Started GET "/session/new" for ::1 at 2020-03-30 15:36:07 -0700
Processing by SessionsController#new as HTML
  Rendering sessions/new.html.erb within layouts/application
  Rendered sessions/new.html.erb within layouts/application (1.3ms)
Completed 200 OK in 37ms (Views: 36.2ms | ActiveRecord: 0.0ms)


Started POST "/session" for ::1 at 2020-03-30 15:36:13 -0700
Processing by SessionsController#create as HTML
  Parameters: {"authenticity_token"=>"U+O8pMg5xBKpmzix+ze3ubEGd4+RmVUXGNKLQUW9MaSGCq8tJQ9/ZFh6RxDcvXBk+mKEZk2I4oQkW9X4t7Y0lw==", "user"=>{"username"=>"user", "password"=>"[FILTERED]"}}
  [1m[36mUser Load (1.2ms)[0m  [1m[34mSELECT  "users".* FROM "users" WHERE (user) LIMIT $1[0m  [["LIMIT", 1]]
  ↳ (byebug):1
  [1m[36mUser Load (51.6ms)[0m  [1m[34mSELECT  "users".* FROM "users" WHERE "users"."username" = $1 LIMIT $2[0m  [["username", "user"], ["LIMIT", 1]]
  ↳ (byebug):1
  [1m[36mCACHE User Load (0.0ms)[0m  [1m[34mSELECT  "users".* FROM "users" WHERE "users"."username" = $1 LIMIT $2[0m  [["username", "user"], ["LIMIT", 1]]
  ↳ (byebug):1
  [1m[36mCACHE User Load (0.0ms)[0m  [1m[34mSELECT  "users".* FROM "users" WHERE "users"."username" = $1 LIMIT $2[0m  [["username", "user"], ["LIMIT", 1]]
  ↳ (byebug):1
Started GET "/session/new" for ::1 at 2020-03-30 16:06:30 -0700
Completed 500 Internal Server Error in 1816312ms (ActiveRecord: 52.9ms)


  
ActiveRecord::StatementInvalid (PG::UndefinedColumn: ERROR:  column users.password does not exist
LINE 1: ....* FROM "users" WHERE "users"."username" = $1 AND "users"."p...
                                                             ^
: SELECT  "users".* FROM "users" WHERE "users"."username" = $1 AND "users"."password" = $2 LIMIT $3):
  
app/controllers/sessions_controller.rb:9:in `create'
Processing by SessionsController#new as HTML
  Rendering sessions/new.html.erb within layouts/application
  Rendered sessions/new.html.erb within layouts/application (0.8ms)
Completed 200 OK in 113ms (Views: 72.2ms | ActiveRecord: 12.1ms)


Started GET "/session/new" for ::1 at 2020-03-30 16:06:39 -0700
Processing by SessionsController#new as HTML
  Rendering sessions/new.html.erb within layouts/application
  Rendered sessions/new.html.erb within layouts/application (1.0ms)
Completed 200 OK in 54ms (Views: 53.1ms | ActiveRecord: 0.0ms)


Started POST "/session" for ::1 at 2020-03-30 16:06:57 -0700
Processing by SessionsController#create as HTML
  Parameters: {"authenticity_token"=>"bpTTdudW7OHaiS32m3TGXerzXk3JM79k/VWU5M5bMhe7fcD/CmBXlytoUle8/gGAoZetpBUiCPfB3MpdPFA3JA==", "user"=>{"username"=>"usernam", "password"=>"[FILTERED]"}}
  [1m[36mUser Load (5.8ms)[0m  [1m[34mSELECT  "users".* FROM "users" WHERE "users"."username" = $1 LIMIT $2[0m  [["username", "usernam"], ["LIMIT", 1]]
  ↳ app/models/user.rb:14
  Rendering sessions/new.html.erb within layouts/application
  Rendered sessions/new.html.erb within layouts/application (124.0ms)
Completed 500 Internal Server Error in 34877ms (ActiveRecord: 5.8ms)


  
ActionView::Template::Error (undefined method `username' for nil:NilClass):
     6:             name="authenticity_token"
     7:             value="<%= form_authenticity_token%>"
     8:     />
     9:     <label>Username: <input type="text" name="user[username]" value="<%= @user.username%>"/></label>
    10:     <label>Password: <input type="password" name="user[password]" value=""/></label>
    11:     <button>Sign In</button>
    12: </form>
  
app/views/sessions/new.html.erb:9:in `_app_views_sessions_new_html_erb__2694459854982616849_70323123117680'
app/controllers/sessions_controller.rb:17:in `create'
Started GET "/session/new" for ::1 at 2020-03-30 16:10:20 -0700
Processing by SessionsController#new as HTML
  Rendering sessions/new.html.erb within layouts/application
  Rendered sessions/new.html.erb within layouts/application (3.6ms)
Completed 200 OK in 64ms (Views: 62.8ms | ActiveRecord: 0.0ms)


Started POST "/session" for ::1 at 2020-03-30 16:10:28 -0700
Processing by SessionsController#create as HTML
  Parameters: {"authenticity_token"=>"hKMELV7CgaaWdtsgYE5tffmD4V5LVgSoDHaaqDw/2XBRSheks/Q60GeXpIFHxKqgsucSt5dHszsw/8QRzjTcQw==", "user"=>{"username"=>"usrnam", "password"=>"[FILTERED]"}}
  [1m[36mUser Load (1.2ms)[0m  [1m[34mSELECT  "users".* FROM "users" WHERE "users"."username" = $1 LIMIT $2[0m  [["username", "usrnam"], ["LIMIT", 1]]
  ↳ app/models/user.rb:14
  Rendering sessions/new.html.erb within layouts/application
  Rendered sessions/new.html.erb within layouts/application (136.4ms)
Completed 500 Internal Server Error in 25262ms (ActiveRecord: 1.2ms)


  
ActionView::Template::Error (undefined method `username' for nil:NilClass):
     6:             name="authenticity_token"
     7:             value="<%= form_authenticity_token%>"
     8:     />
     9:     <label>Username: <input type="text" name="user[username]" value="<%= @user.username%>"/></label>
    10:     <label>Password: <input type="password" name="user[password]" value=""/></label>
    11:     <button>Sign In</button>
    12: </form>
  
app/views/sessions/new.html.erb:9:in `_app_views_sessions_new_html_erb__2694459854982616849_70323079991040'
app/controllers/sessions_controller.rb:17:in `create'
Started GET "/session/new" for ::1 at 2020-03-30 16:12:19 -0700
Processing by SessionsController#new as HTML
  Rendering sessions/new.html.erb within layouts/application
  Rendered sessions/new.html.erb within layouts/application (5.4ms)
Completed 200 OK in 80ms (Views: 79.2ms | ActiveRecord: 0.0ms)


Started POST "/session" for ::1 at 2020-03-30 16:12:25 -0700
Processing by SessionsController#create as HTML
  Parameters: {"authenticity_token"=>"RNQR9Y1ZLow8BHOUohW/jjZNHQWVs5ByUcknt3e6IhSRPQJ8YG+V+s3lDDWFn3hTfSnu7EmiJ+FtQHkOhbEnJw==", "user"=>{"username"=>"usbydgyd", "password"=>"[FILTERED]"}}
  [1m[36mUser Load (0.5ms)[0m  [1m[34mSELECT  "users".* FROM "users" WHERE "users"."username" = $1 LIMIT $2[0m  [["username", "usbydgyd"], ["LIMIT", 1]]
  ↳ app/models/user.rb:14
  Rendering sessions/new.html.erb within layouts/application
  Rendered sessions/new.html.erb within layouts/application (0.6ms)
Completed 200 OK in 4138ms (Views: 63.0ms | ActiveRecord: 0.5ms)


Started POST "/session" for ::1 at 2020-03-30 16:12:53 -0700
Processing by SessionsController#create as HTML
  Parameters: {"authenticity_token"=>"yBQOLcKxe2F+MWt6f6GPGoi7POnxJk5ryhfrX7fB3rUd/R2kL4fAF4/QFNtYK0jHw9/PAC03+fj2nrXmRcrbhg==", "user"=>{"username"=>"user", "password"=>"[FILTERED]"}}
  [1m[36mUser Load (1.8ms)[0m  [1m[34mSELECT  "users".* FROM "users" WHERE "users"."username" = $1 LIMIT $2[0m  [["username", "user"], ["LIMIT", 1]]
  ↳ app/models/user.rb:14
  Rendering sessions/new.html.erb within layouts/application
  Rendered sessions/new.html.erb within layouts/application (0.6ms)
Completed 200 OK in 4943ms (Views: 53.6ms | ActiveRecord: 1.8ms)


Started GET "/users/new" for ::1 at 2020-03-30 16:13:23 -0700
Processing by UsersController#new as HTML
  Rendering users/new.html.erb within layouts/application
  Rendered users/new.html.erb within layouts/application (0.7ms)
Completed 200 OK in 30ms (Views: 28.8ms | ActiveRecord: 0.0ms)


Started POST "/users" for ::1 at 2020-03-30 16:13:47 -0700
Processing by UsersController#create as HTML
  Parameters: {"authenticity_token"=>"UI8e+8dIuRcYT0iu1UkA0nIsKhXL+yfnGEIdR/QgUvKFZg1yKn4CYemuNw/yw8cPOUjZ/BfqkHQky0P+BitXwQ==", "user"=>{"username"=>"tiger", "password"=>"[FILTERED]"}}
  [1m[35m (0.8ms)[0m  [1m[35mBEGIN[0m
  ↳ app/controllers/users_controller.rb:10
  [1m[36mUser Exists (0.9ms)[0m  [1m[34mSELECT  1 AS one FROM "users" WHERE "users"."username" = $1 LIMIT $2[0m  [["username", "tiger"], ["LIMIT", 1]]
  ↳ app/controllers/users_controller.rb:10
  [1m[36mUser Create (14.7ms)[0m  [1m[32mINSERT INTO "users" ("username", "password_digest", "session_token", "created_at", "updated_at") VALUES ($1, $2, $3, $4, $5) RETURNING "id"[0m  [["username", "tiger"], ["password_digest", "$2a$12$MR9gD//9qhPDJaAPgVIXw.3zFBV7gr9OK957WVW3A9tfY.Vt8dsTK"], ["session_token", "VTlngpa40mP0lcE2lr9uPw"], ["created_at", "2020-03-30 23:13:47.730696"], ["updated_at", "2020-03-30 23:13:47.730696"]]
  ↳ app/controllers/users_controller.rb:10
  [1m[35m (1.0ms)[0m  [1m[35mCOMMIT[0m
  ↳ app/controllers/users_controller.rb:10
  [1m[35m (0.2ms)[0m  [1m[35mBEGIN[0m
  ↳ app/models/user.rb:33
  [1m[36mUser Exists (0.6ms)[0m  [1m[34mSELECT  1 AS one FROM "users" WHERE "users"."username" = $1 AND "users"."id" != $2 LIMIT $3[0m  [["username", "tiger"], ["id", 2], ["LIMIT", 1]]
  ↳ app/models/user.rb:33
  [1m[36mUser Update (0.6ms)[0m  [1m[33mUPDATE "users" SET "session_token" = $1, "updated_at" = $2 WHERE "users"."id" = $3[0m  [["session_token", "fqFHIef89kWOQtmcUJlHbg"], ["updated_at", "2020-03-30 23:13:47.752134"], ["id", 2]]
  ↳ app/models/user.rb:33
  [1m[35m (0.4ms)[0m  [1m[35mCOMMIT[0m
  ↳ app/models/user.rb:33
Redirected to http://localhost:3000/users
Completed 302 Found in 330ms (ActiveRecord: 19.2ms)


Started GET "/users" for ::1 at 2020-03-30 16:13:47 -0700
Processing by UsersController#index as HTML
  Rendering users/index.html.erb within layouts/application
  [1m[36mUser Load (0.3ms)[0m  [1m[34mSELECT "users".* FROM "users"[0m
  ↳ app/views/users/index.html.erb:6
  Rendered users/index.html.erb within layouts/application (3.5ms)
Completed 200 OK in 58ms (Views: 56.9ms | ActiveRecord: 0.3ms)


Started GET "/session/new" for ::1 at 2020-03-30 16:14:00 -0700
Processing by SessionsController#new as HTML
  Rendering sessions/new.html.erb within layouts/application
  Rendered sessions/new.html.erb within layouts/application (0.9ms)
Completed 200 OK in 70ms (Views: 69.1ms | ActiveRecord: 0.0ms)


Started POST "/session" for ::1 at 2020-03-30 16:14:10 -0700
Processing by SessionsController#create as HTML
  Parameters: {"authenticity_token"=>"0AMIM1/s8YnMlW/ZJ2kH01BaOXJMF6/PKsQqBdqcP4UF6hu6stpK/z10EHgA48AOGz7Km5AGGFwWTXS8KJc6tg==", "user"=>{"username"=>"tiger", "password"=>"[FILTERED]"}}
  [1m[36mUser Load (0.6ms)[0m  [1m[34mSELECT  "users".* FROM "users" WHERE "users"."username" = $1 LIMIT $2[0m  [["username", "tiger"], ["LIMIT", 1]]
  ↳ app/models/user.rb:14
  [1m[35m (1.1ms)[0m  [1m[35mBEGIN[0m
  ↳ app/models/user.rb:33
  [1m[36mUser Exists (0.4ms)[0m  [1m[34mSELECT  1 AS one FROM "users" WHERE "users"."username" = $1 AND "users"."id" != $2 LIMIT $3[0m  [["username", "tiger"], ["id", 2], ["LIMIT", 1]]
  ↳ app/models/user.rb:33
  [1m[36mUser Update (0.5ms)[0m  [1m[33mUPDATE "users" SET "session_token" = $1, "updated_at" = $2 WHERE "users"."id" = $3[0m  [["session_token", "kZ2fppR2CdBKi4LZNpJ07w"], ["updated_at", "2020-03-30 23:14:15.893206"], ["id", 2]]
  ↳ app/models/user.rb:33
  [1m[35m (1.0ms)[0m  [1m[35mCOMMIT[0m
  ↳ app/models/user.rb:33
Redirected to http://localhost:3000/users
Completed 302 Found in 5723ms (ActiveRecord: 3.5ms)


Started GET "/users" for ::1 at 2020-03-30 16:14:15 -0700
Processing by UsersController#index as HTML
  Rendering users/index.html.erb within layouts/application
  [1m[36mUser Load (1.2ms)[0m  [1m[34mSELECT "users".* FROM "users"[0m
  ↳ app/views/users/index.html.erb:6
  Rendered users/index.html.erb within layouts/application (4.4ms)
Completed 200 OK in 85ms (Views: 81.3ms | ActiveRecord: 1.2ms)


Started GET "/users/new" for ::1 at 2020-03-30 16:17:55 -0700
Processing by UsersController#new as HTML
  Rendering users/new.html.erb within layouts/application
  Rendered users/new.html.erb within layouts/application (1.0ms)
Completed 200 OK in 72ms (Views: 44.6ms | ActiveRecord: 9.7ms)


Started POST "/users" for ::1 at 2020-03-30 16:18:05 -0700
Processing by UsersController#create as HTML
  Parameters: {"authenticity_token"=>"xToJza38qup05znzWqh/asWL9p5XHJmrVcnOuBRYkYMQ0xpEQMoRnIUGRlJ9Iri3ju8Fd4sNLjhpQJAB5lOUsA==", "user"=>{"username"=>"password", "password"=>"[FILTERED]"}}
  [1m[35m (0.3ms)[0m  [1m[35mBEGIN[0m
  ↳ app/controllers/users_controller.rb:10
  [1m[36mUser Exists (0.5ms)[0m  [1m[34mSELECT  1 AS one FROM "users" WHERE "users"."username" = $1 LIMIT $2[0m  [["username", "password"], ["LIMIT", 1]]
  ↳ app/controllers/users_controller.rb:10
  [1m[36mUser Create (0.4ms)[0m  [1m[32mINSERT INTO "users" ("username", "password_digest", "session_token", "created_at", "updated_at") VALUES ($1, $2, $3, $4, $5) RETURNING "id"[0m  [["username", "password"], ["password_digest", "$2a$12$FFCqs8WgRs3TXDmJ9XN2AeqCpsJKhmyXMw/IhrPvRyss389cRJ0wu"], ["session_token", "kMDYTGVzyhr4DOpkFbZ45Q"], ["created_at", "2020-03-30 23:18:06.062683"], ["updated_at", "2020-03-30 23:18:06.062683"]]
  ↳ app/controllers/users_controller.rb:10
  [1m[35m (0.5ms)[0m  [1m[35mCOMMIT[0m
  ↳ app/controllers/users_controller.rb:10
  [1m[35m (0.1ms)[0m  [1m[35mBEGIN[0m
  ↳ app/models/user.rb:33
  [1m[36mUser Exists (0.3ms)[0m  [1m[34mSELECT  1 AS one FROM "users" WHERE "users"."username" = $1 AND "users"."id" != $2 LIMIT $3[0m  [["username", "password"], ["id", 3], ["LIMIT", 1]]
  ↳ app/models/user.rb:33
  [1m[36mUser Update (0.8ms)[0m  [1m[33mUPDATE "users" SET "session_token" = $1, "updated_at" = $2 WHERE "users"."id" = $3[0m  [["session_token", "vdyhN7VmMbR9xVRnyqmJmw"], ["updated_at", "2020-03-30 23:18:06.067973"], ["id", 3]]
  ↳ app/models/user.rb:33
  [1m[35m (0.5ms)[0m  [1m[35mCOMMIT[0m
  ↳ app/models/user.rb:33
Redirected to http://localhost:3000/users
Completed 302 Found in 278ms (ActiveRecord: 3.4ms)


Started GET "/users" for ::1 at 2020-03-30 16:18:06 -0700
Processing by UsersController#index as HTML
  Rendering users/index.html.erb within layouts/application
  [1m[36mUser Load (0.4ms)[0m  [1m[34mSELECT "users".* FROM "users"[0m
  ↳ app/views/users/index.html.erb:6
  Rendered users/index.html.erb within layouts/application (2.7ms)
Completed 200 OK in 29ms (Views: 27.3ms | ActiveRecord: 0.4ms)


Started GET "/session/new" for ::1 at 2020-03-30 16:18:16 -0700
Processing by SessionsController#new as HTML
  Rendering sessions/new.html.erb within layouts/application
  Rendered sessions/new.html.erb within layouts/application (0.5ms)
Completed 200 OK in 38ms (Views: 37.0ms | ActiveRecord: 0.0ms)


Started POST "/session" for ::1 at 2020-03-30 16:18:24 -0700
Processing by SessionsController#create as HTML
  Parameters: {"authenticity_token"=>"1L7whQ6HveUvuJAXiNiAwyLpPNkpkagzJ348qUIyxLsBV+MM47EGk95Z77avUkceaY3PMPWAH6Ab92IQsDnBiA==", "user"=>{"username"=>"tiger", "password"=>"[FILTERED]"}}
  [1m[36mUser Load (0.3ms)[0m  [1m[34mSELECT  "users".* FROM "users" WHERE "users"."username" = $1 LIMIT $2[0m  [["username", "tiger"], ["LIMIT", 1]]
  ↳ app/models/user.rb:14
  [1m[35m (0.1ms)[0m  [1m[35mBEGIN[0m
  ↳ app/models/user.rb:33
  [1m[36mUser Exists (0.5ms)[0m  [1m[34mSELECT  1 AS one FROM "users" WHERE "users"."username" = $1 AND "users"."id" != $2 LIMIT $3[0m  [["username", "tiger"], ["id", 2], ["LIMIT", 1]]
  ↳ app/models/user.rb:33
  [1m[36mUser Update (0.4ms)[0m  [1m[33mUPDATE "users" SET "session_token" = $1, "updated_at" = $2 WHERE "users"."id" = $3[0m  [["session_token", "sAk5d6NX_6URVgGZwT-DhQ"], ["updated_at", "2020-03-30 23:18:24.680929"], ["id", 2]]
  ↳ app/models/user.rb:33
  [1m[35m (5.5ms)[0m  [1m[35mCOMMIT[0m
  ↳ app/models/user.rb:33
Redirected to http://localhost:3000/users
Completed 302 Found in 282ms (ActiveRecord: 6.8ms)


Started GET "/users" for ::1 at 2020-03-30 16:18:24 -0700
Processing by UsersController#index as HTML
  Rendering users/index.html.erb within layouts/application
  [1m[36mUser Load (0.3ms)[0m  [1m[34mSELECT "users".* FROM "users"[0m
  ↳ app/views/users/index.html.erb:6
  Rendered users/index.html.erb within layouts/application (1.7ms)
Completed 200 OK in 42ms (Views: 40.5ms | ActiveRecord: 0.3ms)


  [1m[35m (0.2ms)[0m  [1m[34mSELECT pg_try_advisory_lock(8218155208135281360)[0m
  ↳ bin/rails:9
  [1m[35m (1.2ms)[0m  [1m[34mSELECT "schema_migrations"."version" FROM "schema_migrations" ORDER BY "schema_migrations"."version" ASC[0m
  ↳ bin/rails:9
Migrating to CreateSubs (20200330232025)
  [1m[35m (0.2ms)[0m  [1m[35mBEGIN[0m
  ↳ bin/rails:9
  [1m[35m (24.3ms)[0m  [1m[35mCREATE TABLE "subs" ("id" bigserial primary key, "title" character varying NOT NULL, "description" character varying NOT NULL, "moderator_id" integer, "created_at" timestamp NOT NULL, "updated_at" timestamp NOT NULL)[0m
  ↳ db/migrate/20200330232025_create_subs.rb:3
  [1m[35m (1.0ms)[0m  [1m[35mCREATE  INDEX  "index_subs_on_moderator_id" ON "subs"  ("moderator_id")[0m
  ↳ db/migrate/20200330232025_create_subs.rb:9
  [1m[36mActiveRecord::SchemaMigration Create (0.6ms)[0m  [1m[32mINSERT INTO "schema_migrations" ("version") VALUES ($1) RETURNING "version"[0m  [["version", "20200330232025"]]
  ↳ bin/rails:9
  [1m[35m (0.6ms)[0m  [1m[35mCOMMIT[0m
  ↳ bin/rails:9
Migrating to CreatePosts (20200330232035)
  [1m[35m (0.5ms)[0m  [1m[34mSELECT pg_advisory_unlock(8218155208135281360)[0m
  ↳ bin/rails:9
  [1m[35m (0.2ms)[0m  [1m[34mSELECT pg_try_advisory_lock(8218155208135281360)[0m
  ↳ bin/rails:9
  [1m[35m (0.9ms)[0m  [1m[34mSELECT "schema_migrations"."version" FROM "schema_migrations" ORDER BY "schema_migrations"."version" ASC[0m
  ↳ bin/rails:9
Migrating to CreatePosts (20200330232035)
  [1m[35m (0.2ms)[0m  [1m[35mBEGIN[0m
  ↳ bin/rails:9
  [1m[35m (22.3ms)[0m  [1m[35mCREATE TABLE "posts" ("id" bigserial primary key, "title" character varying NOT NULL, "url" character varying, "content" character varying, "sub_id" integer NOT NULL, "created_at" timestamp NOT NULL, "updated_at" timestamp NOT NULL)[0m
  ↳ db/migrate/20200330232035_create_posts.rb:3
  [1m[35m (3.2ms)[0m  [1m[35mCREATE  INDEX  "index_posts_on_sub_id" ON "posts"  ("sub_id")[0m
  ↳ db/migrate/20200330232035_create_posts.rb:10
  [1m[36mActiveRecord::SchemaMigration Create (1.7ms)[0m  [1m[32mINSERT INTO "schema_migrations" ("version") VALUES ($1) RETURNING "version"[0m  [["version", "20200330232035"]]
  ↳ bin/rails:9
  [1m[35m (3.3ms)[0m  [1m[35mCOMMIT[0m
  ↳ bin/rails:9
  [1m[36mActiveRecord::InternalMetadata Load (1.1ms)[0m  [1m[34mSELECT  "ar_internal_metadata".* FROM "ar_internal_metadata" WHERE "ar_internal_metadata"."key" = $1 LIMIT $2[0m  [["key", "environment"], ["LIMIT", 1]]
  ↳ bin/rails:9
  [1m[35m (0.2ms)[0m  [1m[35mBEGIN[0m
  ↳ bin/rails:9
  [1m[35m (0.1ms)[0m  [1m[35mCOMMIT[0m
  ↳ bin/rails:9
  [1m[35m (0.4ms)[0m  [1m[34mSELECT pg_advisory_unlock(8218155208135281360)[0m
  ↳ bin/rails:9
  [1m[35m (4.0ms)[0m  [1m[34mSELECT "schema_migrations"."version" FROM "schema_migrations" ORDER BY "schema_migrations"."version" ASC[0m
  ↳ bin/rails:9
